2018-06-02 20:58:20.417  INFO 12380 --- [main] com.example.demo.DemoApplication         : Starting DemoApplication on cuixc1 with PID 12380 (G:\stsWork\demo\target\classes started by Administrator in G:\stsWork\demo)
2018-06-02 20:58:20.425  INFO 12380 --- [main] com.example.demo.DemoApplication         : No active profile set, falling back to default profiles: default
2018-06-02 20:58:20.551  INFO 12380 --- [main] ConfigServletWebServerApplicationContext : Refreshing org.springframework.boot.web.servlet.context.AnnotationConfigServletWebServerApplicationContext@192d43ce: startup date [Sat Jun 02 20:58:20 CST 2018]; root of context hierarchy
2018-06-02 20:58:22.577  INFO 12380 --- [main] trationDelegate$BeanPostProcessorChecker : Bean 'org.springframework.transaction.annotation.ProxyTransactionManagementConfiguration' of type [org.springframework.transaction.annotation.ProxyTransactionManagementConfiguration$$EnhancerBySpringCGLIB$$b16735ab] is not eligible for getting processed by all BeanPostProcessors (for example: not eligible for auto-proxying)
2018-06-02 20:58:23.233  INFO 12380 --- [main] o.s.b.w.embedded.tomcat.TomcatWebServer  : Tomcat initialized with port(s): 8080 (http)
2018-06-02 20:58:23.270  INFO 12380 --- [main] o.apache.catalina.core.StandardService   : Starting service [Tomcat]
2018-06-02 20:58:23.271  INFO 12380 --- [main] org.apache.catalina.core.StandardEngine  : Starting Servlet Engine: Apache Tomcat/8.5.31
2018-06-02 20:58:23.287  INFO 12380 --- [localhost-startStop-1] o.a.catalina.core.AprLifecycleListener   : The APR based Apache Tomcat Native library which allows optimal performance in production environments was not found on the java.library.path: [C:\Program Files\Java\jre1.8.0_111\bin;C:\WINDOWS\Sun\Java\bin;C:\WINDOWS\system32;C:\WINDOWS;C:/Program Files/Java/jre1.8.0_111/bin/server;C:/Program Files/Java/jre1.8.0_111/bin;C:/Program Files/Java/jre1.8.0_111/lib/amd64;C:\ProgramData\Oracle\Java\javapath;C:\WINDOWS\system32;C:\WINDOWS;C:\WINDOWS\System32\Wbem;C:\WINDOWS\System32\WindowsPowerShell\v1.0\;C:\Program Files\Java\jdk1.8.0_111\bin;C:\Program Files\Java\jdk1.8.0_111\jre\bin;D:\axis2-1.7.5\bin ?;C:\Program Files (x86)\Microsoft SQL Server\100\Tools\Binn\;C:\Program Files\Microsoft SQL Server\100\Tools\Binn\;C:\Program Files\Microsoft SQL Server\100\DTS\Binn\;C:\Program Files (x86)\Microsoft SQL Server\100\Tools\Binn\VSShell\Common7\IDE\;C:\Program Files (x86)\Microsoft Visual Studio 9.0\Common7\IDE\PrivateAssemblies\;C:\Program Files (x86)\Microsoft SQL Server\100\DTS\Binn\;D:\maven\apache-maven-3.2.1\bin;C:\Program Files\MySql\bin;C:\Users\Administrator\AppData\Local\Microsoft\WindowsApps;;%USERPROFILE%\AppData\Local\Microsoft\WindowsApps;E:\Spring相关软件\spring-tool-suite-3.9.0.RELEASE-e4.7.0-win32-x86_64\sts-bundle\sts-3.9.0.RELEASE;;.]
2018-06-02 20:58:23.447  INFO 12380 --- [localhost-startStop-1] o.a.c.c.C.[Tomcat].[localhost].[/]       : Initializing Spring embedded WebApplicationContext
2018-06-02 20:58:23.448  INFO 12380 --- [localhost-startStop-1] o.s.web.context.ContextLoader            : Root WebApplicationContext: initialization completed in 2897 ms
2018-06-02 20:58:23.723  INFO 12380 --- [localhost-startStop-1] o.s.b.w.servlet.ServletRegistrationBean  : Servlet dispatcherServlet mapped to [/]
2018-06-02 20:58:23.729  INFO 12380 --- [localhost-startStop-1] o.s.b.w.servlet.FilterRegistrationBean   : Mapping filter: 'characterEncodingFilter' to: [/*]
2018-06-02 20:58:23.730  INFO 12380 --- [localhost-startStop-1] o.s.b.w.servlet.FilterRegistrationBean   : Mapping filter: 'hiddenHttpMethodFilter' to: [/*]
2018-06-02 20:58:23.730  INFO 12380 --- [localhost-startStop-1] o.s.b.w.servlet.FilterRegistrationBean   : Mapping filter: 'httpPutFormContentFilter' to: [/*]
2018-06-02 20:58:23.731  INFO 12380 --- [localhost-startStop-1] o.s.b.w.servlet.FilterRegistrationBean   : Mapping filter: 'requestContextFilter' to: [/*]
2018-06-02 20:58:24.809  INFO 12380 --- [main] s.w.s.m.m.a.RequestMappingHandlerMapping : Mapped "{[/index.do]}" onto public java.lang.String com.example.demo.controller.IndexController.index()
2018-06-02 20:58:24.812  INFO 12380 --- [main] s.w.s.m.m.a.RequestMappingHandlerMapping : Mapped "{[/testuploadimg],methods=[POST]}" onto public java.lang.String com.example.demo.controller.IndexController.uploadImg(org.springframework.web.multipart.MultipartFile,javax.servlet.http.HttpServletRequest)
2018-06-02 20:58:24.815  INFO 12380 --- [main] s.w.s.m.m.a.RequestMappingHandlerMapping : Mapped "{[/UserController/find.do],methods=[POST]}" onto public com.example.demo.entity.User com.example.demo.controller.UserController.find(java.lang.String)
2018-06-02 20:58:24.815  INFO 12380 --- [main] s.w.s.m.m.a.RequestMappingHandlerMapping : Mapped "{[/UserController/save.do],methods=[POST]}" onto public java.lang.String com.example.demo.controller.UserController.insert(com.example.demo.VO.UserVo)
2018-06-02 20:58:24.815  INFO 12380 --- [main] s.w.s.m.m.a.RequestMappingHandlerMapping : Mapped "{[/UserController/findList.do],methods=[POST]}" onto public java.util.List<com.example.demo.entity.User> com.example.demo.controller.UserController.findList(java.lang.String)
2018-06-02 20:58:24.825  INFO 12380 --- [main] s.w.s.m.m.a.RequestMappingHandlerMapping : Mapped "{[/swagger-resources/configuration/security]}" onto public org.springframework.http.ResponseEntity<springfox.documentation.swagger.web.SecurityConfiguration> springfox.documentation.swagger.web.ApiResourceController.securityConfiguration()
2018-06-02 20:58:24.827  INFO 12380 --- [main] s.w.s.m.m.a.RequestMappingHandlerMapping : Mapped "{[/swagger-resources/configuration/ui]}" onto public org.springframework.http.ResponseEntity<springfox.documentation.swagger.web.UiConfiguration> springfox.documentation.swagger.web.ApiResourceController.uiConfiguration()
2018-06-02 20:58:24.828  INFO 12380 --- [main] s.w.s.m.m.a.RequestMappingHandlerMapping : Mapped "{[/swagger-resources]}" onto public org.springframework.http.ResponseEntity<java.util.List<springfox.documentation.swagger.web.SwaggerResource>> springfox.documentation.swagger.web.ApiResourceController.swaggerResources()
2018-06-02 20:58:24.837  INFO 12380 --- [main] s.w.s.m.m.a.RequestMappingHandlerMapping : Mapped "{[/error]}" onto public org.springframework.http.ResponseEntity<java.util.Map<java.lang.String, java.lang.Object>> org.springframework.boot.autoconfigure.web.servlet.error.BasicErrorController.error(javax.servlet.http.HttpServletRequest)
2018-06-02 20:58:24.838  INFO 12380 --- [main] s.w.s.m.m.a.RequestMappingHandlerMapping : Mapped "{[/error],produces=[text/html]}" onto public org.springframework.web.servlet.ModelAndView org.springframework.boot.autoconfigure.web.servlet.error.BasicErrorController.errorHtml(javax.servlet.http.HttpServletRequest,javax.servlet.http.HttpServletResponse)
2018-06-02 20:58:25.104  INFO 12380 --- [main] pertySourcedRequestMappingHandlerMapping : Mapped URL path [/v2/api-docs] onto method [public org.springframework.http.ResponseEntity<springfox.documentation.spring.web.json.Json> springfox.documentation.swagger2.web.Swagger2Controller.getDocumentation(java.lang.String,javax.servlet.http.HttpServletRequest)]
2018-06-02 20:58:25.299  INFO 12380 --- [main] o.s.w.s.handler.SimpleUrlHandlerMapping  : Mapped URL path [/**/favicon.ico] onto handler of type [class org.springframework.web.servlet.resource.ResourceHttpRequestHandler]
2018-06-02 20:58:25.563  INFO 12380 --- [main] s.w.s.m.m.a.RequestMappingHandlerAdapter : Looking for @ControllerAdvice: org.springframework.boot.web.servlet.context.AnnotationConfigServletWebServerApplicationContext@192d43ce: startup date [Sat Jun 02 20:58:20 CST 2018]; root of context hierarchy
2018-06-02 20:58:25.651  INFO 12380 --- [main] o.s.w.s.handler.SimpleUrlHandlerMapping  : Mapped URL path [/webjars/**] onto handler of type [class org.springframework.web.servlet.resource.ResourceHttpRequestHandler]
2018-06-02 20:58:25.651  INFO 12380 --- [main] o.s.w.s.handler.SimpleUrlHandlerMapping  : Mapped URL path [/**] onto handler of type [class org.springframework.web.servlet.resource.ResourceHttpRequestHandler]
2018-06-02 20:58:25.774  INFO 12380 --- [main] o.s.b.a.w.s.WelcomePageHandlerMapping    : Adding welcome page template: index
2018-06-02 20:58:25.988  INFO 12380 --- [main] o.s.w.s.v.f.FreeMarkerConfigurer         : ClassTemplateLoader for Spring macros added to FreeMarker configuration
2018-06-02 20:58:26.260  INFO 12380 --- [main] o.s.j.e.a.AnnotationMBeanExporter        : Registering beans for JMX exposure on startup
2018-06-02 20:58:26.263  INFO 12380 --- [main] o.s.j.e.a.AnnotationMBeanExporter        : Bean with name 'dataSource' has been autodetected for JMX exposure
2018-06-02 20:58:26.272  INFO 12380 --- [main] o.s.j.e.a.AnnotationMBeanExporter        : Located MBean 'dataSource': registering with JMX server as MBean [com.zaxxer.hikari:name=dataSource,type=HikariDataSource]
2018-06-02 20:58:26.279  INFO 12380 --- [main] o.s.c.support.DefaultLifecycleProcessor  : Starting beans in phase 2147483647
2018-06-02 20:58:26.280  INFO 12380 --- [main] d.s.w.p.DocumentationPluginsBootstrapper : Context refreshed
2018-06-02 20:58:26.308  INFO 12380 --- [main] d.s.w.p.DocumentationPluginsBootstrapper : Found 1 custom documentation plugin(s)
2018-06-02 20:58:26.357  INFO 12380 --- [main] s.d.s.w.s.ApiListingReferenceScanner     : Scanning for api listing references
2018-06-02 20:58:26.805  INFO 12380 --- [main] o.s.b.w.embedded.tomcat.TomcatWebServer  : Tomcat started on port(s): 8080 (http) with context path ''
2018-06-02 20:58:26.811  INFO 12380 --- [main] com.example.demo.DemoApplication         : Started DemoApplication in 7.088 seconds (JVM running for 7.683)
2018-06-02 20:58:31.444  INFO 12380 --- [http-nio-8080-exec-1] o.a.c.c.C.[Tomcat].[localhost].[/]       : Initializing Spring FrameworkServlet 'dispatcherServlet'
2018-06-02 20:58:31.444  INFO 12380 --- [http-nio-8080-exec-1] o.s.web.servlet.DispatcherServlet        : FrameworkServlet 'dispatcherServlet': initialization started
2018-06-02 20:58:31.491  INFO 12380 --- [http-nio-8080-exec-1] o.s.web.servlet.DispatcherServlet        : FrameworkServlet 'dispatcherServlet': initialization completed in 47 ms
2018-06-02 20:58:31.603  INFO 12380 --- [http-nio-8080-exec-1] com.zaxxer.hikari.HikariDataSource       : test - Starting...
2018-06-02 20:58:31.994  INFO 12380 --- [http-nio-8080-exec-1] com.zaxxer.hikari.HikariDataSource       : test - Start completed.
